<?xml version="1.0" encoding="UTF-8"?>
<!-- Generated by org.testng.reporters.JUnitReportReporter -->
<testsuite skipped="0" hostname="DESKTOP-QM44KM9" name="org.com.test.Testrunner" tests="2" failures="1" timestamp="20 Nov 2020 10:33:39 GMT" time="57.023" errors="0">
  <testcase name="feature" time="13.303" classname="org.com.test.Testrunner"/>
  <testcase name="feature" time="43.720" classname="org.com.test.Testrunner">
    <failure type="java.lang.AssertionError" message="expected [Your Account Has Been Created!] but found [Register Account]">
      <![CDATA[java.lang.AssertionError: expected [Your Account Has Been Created!] but found [Register Account]
at org.testng.Assert.fail(Assert.java:96)
at org.testng.Assert.failNotEquals(Assert.java:776)
at org.testng.Assert.assertEqualsImpl(Assert.java:137)
at org.testng.Assert.assertEquals(Assert.java:118)
at org.testng.Assert.assertEquals(Assert.java:453)
at org.testng.Assert.assertEquals(Assert.java:463)
at Step_defs.Stepdefs.user_is_on_the_account_confirmation_page(Stepdefs.java:67)
at âœ½.User is on the Account confirmation page(./Features/first.feature:16)
]]>
    </failure>
  </testcase> <!-- feature -->
</testsuite> <!-- org.com.test.Testrunner -->
