<?xml version="1.0" encoding="UTF-8"?>
<!-- Generated by org.testng.reporters.JUnitReportReporter -->
<testsuite skipped="0" hostname="DESKTOP-QM44KM9" name="com.test.utilities.Excelwriter" tests="1" failures="0" timestamp="30 Nov 2020 13:18:24 GMT" time="0.694" errors="0">
  <testcase name="writeData" time="0.694" classname="com.test.utilities.Excelwriter"/>
</testsuite> <!-- com.test.utilities.Excelwriter -->
