<?xml version="1.0" encoding="UTF-8"?>
<!-- Generated by org.testng.reporters.JUnitReportReporter -->
<testsuite skipped="0" hostname="DESKTOP-QM44KM9" name="org.com.test.Testrunner" tests="3" failures="0" timestamp="24 Nov 2020 12:41:13 GMT" time="77.140" errors="0">
  <testcase name="feature" time="39.200" classname="org.com.test.Testrunner"/>
  <testcase name="feature" time="9.823" classname="org.com.test.Testrunner"/>
  <testcase name="feature" time="28.117" classname="org.com.test.Testrunner"/>
</testsuite> <!-- org.com.test.Testrunner -->
