<?xml version="1.0" encoding="UTF-8"?>
<!-- Generated by org.testng.reporters.JUnitReportReporter -->
<testsuite hostname="DESKTOP-QM44KM9" failures="1" tests="2" name="org.com.test.Testrunner" time="62.081" errors="0" timestamp="19 Nov 2020 12:49:10 GMT" skipped="0">
  <testcase classname="org.com.test.Testrunner" name="feature" time="21.103"/>
  <testcase classname="org.com.test.Testrunner" name="feature" time="40.978">
    <failure message="expected [Your Account Has Been Created!] but found [Register Account]" type="java.lang.AssertionError">
      <![CDATA[java.lang.AssertionError: expected [Your Account Has Been Created!] but found [Register Account]
at org.testng.Assert.fail(Assert.java:96)
at org.testng.Assert.failNotEquals(Assert.java:776)
at org.testng.Assert.assertEqualsImpl(Assert.java:137)
at org.testng.Assert.assertEquals(Assert.java:118)
at org.testng.Assert.assertEquals(Assert.java:453)
at org.testng.Assert.assertEquals(Assert.java:463)
at Step_defs.Stepdefs.user_is_on_the_account_confirmation_page(Stepdefs.java:67)
at âœ½.User is on the Account confirmation page(./Features/first.feature:16)
]]>
    </failure>
  </testcase> <!-- feature -->
</testsuite> <!-- org.com.test.Testrunner -->
