<?xml version="1.0" encoding="UTF-8"?>
<!-- Generated by org.testng.reporters.JUnitReportReporter -->
<testsuite skipped="0" hostname="DESKTOP-QM44KM9" name="com.test.utilities.Dataprovider" tests="1" failures="0" timestamp="24 Nov 2020 10:42:55 GMT" time="0.028" errors="0">
  <testcase name="disp" time="0.028" classname="com.test.utilities.Dataprovider"/>
</testsuite> <!-- com.test.utilities.Dataprovider -->
