<?xml version="1.0" encoding="UTF-8"?>
<!-- Generated by org.testng.reporters.JUnitReportReporter -->
<testsuite skipped="0" hostname="DESKTOP-QM44KM9" name="org.com.test.Testrunnerlogin" tests="1" failures="0" timestamp="30 Nov 2020 04:49:24 GMT" time="53.859" errors="0">
  <testcase name="feature" time="53.859" classname="org.com.test.Testrunnerlogin"/>
</testsuite> <!-- org.com.test.Testrunnerlogin -->
