<?xml version="1.0" encoding="UTF-8"?>
<!-- Generated by org.testng.reporters.JUnitReportReporter -->
<testsuite skipped="0" hostname="DESKTOP-QM44KM9" name="org.com.test.Testrunnerlogin" tests="1" failures="0" timestamp="26 Nov 2020 05:34:09 GMT" time="32.072" errors="0">
  <testcase name="feature" time="32.072" classname="org.com.test.Testrunnerlogin"/>
</testsuite> <!-- org.com.test.Testrunnerlogin -->
