<?xml version="1.0" encoding="UTF-8"?>
<!-- Generated by org.testng.reporters.JUnitReportReporter -->
<testsuite skipped="0" hostname="DESKTOP-QM44KM9" name="org.com.test.Testrunner" tests="2" failures="0" timestamp="26 Nov 2020 05:34:09 GMT" time="116.409" errors="0">
  <testcase name="feature" time="31.447" classname="org.com.test.Testrunner"/>
  <testcase name="feature" time="84.962" classname="org.com.test.Testrunner"/>
</testsuite> <!-- org.com.test.Testrunner -->
